#
# There is insufficient memory for the Java Runtime Environment to continue.
# Native memory allocation (malloc) failed to allocate 1863680 bytes. Error detail: Chunk::new
# Possible reasons:
#   The system is out of physical RAM or swap space
#   This process is running with CompressedOops enabled, and the Java Heap may be blocking the growth of the native heap
# Possible solutions:
#   Reduce memory load on the system
#   Increase physical memory or swap space
#   Check if swap backing store is full
#   Decrease Java heap size (-Xmx/-Xms)
#   Decrease number of Java threads
#   Decrease Java thread stack sizes (-Xss)
#   Set larger code cache with -XX:ReservedCodeCacheSize=
#   JVM is running with Unscaled Compressed Oops mode in which the Java heap is
#     placed in the first 4GB address space. The Java Heap base address is the
#     maximum limit for the native heap growth. Please use -XX:HeapBaseMinAddress
#     to set the Java Heap base and to place the Java Heap above 4GB virtual address.
# This output file may be truncated or incomplete.
#
#  Out of Memory Error (arena.cpp:168), pid=12064, tid=13528
#
# JRE version: OpenJDK Runtime Environment (21.0.5) (build 21.0.5+-13047016-b750.29)
# Java VM: OpenJDK 64-Bit Server VM (21.0.5+-13047016-b750.29, mixed mode, tiered, compressed oops, compressed class ptrs, g1 gc, windows-amd64)
# No core dump will be written. Minidumps are not enabled by default on client versions of Windows
#

---------------  S U M M A R Y ------------

Command Line: org.jetbrains.kotlin.cli.jvm.K2JVMCompiler @C:\Users\USER\AndroidStudioProjects\LittleLemon\app\build\20250610_16692369824482165581.compiler.options

Host: Intel(R) Core(TM) i3-10110U CPU @ 2.10GHz, 4 cores, 3G,  Windows 11 , 64 bit Build 26100 (10.0.26100.3912)
Time: Tue Jun 10 15:31:40 2025 W. Central Africa Standard Time elapsed time: 65.419854 seconds (0d 0h 1m 5s)

---------------  T H R E A D  ---------------

Current thread (0x000002033c1f9720):  JavaThread "C2 CompilerThread0" daemon [_thread_in_native, id=13528, stack(0x00000052f8200000,0x00000052f8300000) (1024K)]


Current CompileTask:
C2:65420 4264       4       java.lang.ClassLoader::loadClass (7 bytes)

Stack: [0x00000052f8200000,0x00000052f8300000]
Native frames: (J=compiled Java code, j=interpreted, Vv=VM code, C=native code)
V  [jvm.dll+0x6cfb29]
V  [jvm.dll+0x85df93]
V  [jvm.dll+0x8604ee]
V  [jvm.dll+0x860bd3]
V  [jvm.dll+0x27e6b6]
V  [jvm.dll+0xbff6d]
V  [jvm.dll+0xc04a3]
V  [jvm.dll+0x3b5ffb]
V  [jvm.dll+0x1de852]
V  [jvm.dll+0x247db4]
V  [jvm.dll+0x247231]
V  [jvm.dll+0x1c5ee4]
V  [jvm.dll+0x25697c]
V  [jvm.dll+0x254ec6]
V  [jvm.dll+0x3f0ce6]
V  [jvm.dll+0x806368]
V  [jvm.dll+0x6ce3fd]
C  [ucrtbase.dll+0x37b0]
C  [KERNEL32.DLL+0x2e8d7]
C  [ntdll.dll+0x9c5dc]


---------------  P R O C E S S  ---------------

Threads class SMR info:
_java_thread_list=0x0000020341a7cd30, length=12, elements={
0x00000203242fe410, 0x000002033c20fa90, 0x000002033c2105e0, 0x000002033bfa69a0,
0x000002033bfa73f0, 0x000002033bfa7e40, 0x000002033c1f6990, 0x000002033c1f9720,
0x000002033c220fe0, 0x000002033c3b5ac0, 0x000002033c3b7310, 0x000002033c8abee0
}

Java Threads: ( => current thread )
  0x00000203242fe410 JavaThread "main"                              [_thread_blocked, id=3168, stack(0x00000052f7400000,0x00000052f7500000) (1024K)]
  0x000002033c20fa90 JavaThread "Reference Handler"          daemon [_thread_blocked, id=2472, stack(0x00000052f7c00000,0x00000052f7d00000) (1024K)]
  0x000002033c2105e0 JavaThread "Finalizer"                  daemon [_thread_blocked, id=15316, stack(0x00000052f7d00000,0x00000052f7e00000) (1024K)]
  0x000002033bfa69a0 JavaThread "Signal Dispatcher"          daemon [_thread_blocked, id=8000, stack(0x00000052f7e00000,0x00000052f7f00000) (1024K)]
  0x000002033bfa73f0 JavaThread "Attach Listener"            daemon [_thread_blocked, id=3336, stack(0x00000052f7f00000,0x00000052f8000000) (1024K)]
  0x000002033bfa7e40 JavaThread "Service Thread"             daemon [_thread_blocked, id=5168, stack(0x00000052f8000000,0x00000052f8100000) (1024K)]
  0x000002033c1f6990 JavaThread "Monitor Deflation Thread"   daemon [_thread_blocked, id=11820, stack(0x00000052f8100000,0x00000052f8200000) (1024K)]
=>0x000002033c1f9720 JavaThread "C2 CompilerThread0"         daemon [_thread_in_native, id=13528, stack(0x00000052f8200000,0x00000052f8300000) (1024K)]
  0x000002033c220fe0 JavaThread "C1 CompilerThread0"         daemon [_thread_blocked, id=10464, stack(0x00000052f8300000,0x00000052f8400000) (1024K)]
  0x000002033c3b5ac0 JavaThread "Notification Thread"        daemon [_thread_blocked, id=15468, stack(0x00000052f8400000,0x00000052f8500000) (1024K)]
  0x000002033c3b7310 JavaThread "Common-Cleaner"             daemon [_thread_blocked, id=10420, stack(0x00000052f8500000,0x00000052f8600000) (1024K)]
  0x000002033c8abee0 JavaThread "C2 CompilerThread1"         daemon [_thread_blocked, id=14236, stack(0x00000052f7100000,0x00000052f7200000) (1024K)]
Total: 12

Other Threads:
  0x000002033bf1ac40 VMThread "VM Thread"                           [id=16648, stack(0x00000052f7b00000,0x00000052f7c00000) (1024K)] _threads_hazard_ptr=0x0000020341a7cd30
  0x000002032669eaa0 WatcherThread "VM Periodic Task Thread"        [id=17196, stack(0x00000052f7a00000,0x00000052f7b00000) (1024K)]
  0x000002032661d350 WorkerThread "GC Thread#0"                     [id=15852, stack(0x00000052f7500000,0x00000052f7600000) (1024K)]
  0x000002033c99b270 WorkerThread "GC Thread#1"                     [id=7912, stack(0x00000052f8600000,0x00000052f8700000) (1024K)]
  0x000002033c986740 WorkerThread "GC Thread#2"                     [id=4308, stack(0x00000052f8700000,0x00000052f8800000) (1024K)]
  0x000002033c986ae0 WorkerThread "GC Thread#3"                     [id=8336, stack(0x00000052f8800000,0x00000052f8900000) (1024K)]
  0x0000020326626640 ConcurrentGCThread "G1 Main Marker"            [id=4672, stack(0x00000052f7600000,0x00000052f7700000) (1024K)]
  0x0000020326627410 WorkerThread "G1 Conc#0"                       [id=15712, stack(0x00000052f7700000,0x00000052f7800000) (1024K)]
  0x0000020326685e30 ConcurrentGCThread "G1 Refine#0"               [id=17364, stack(0x00000052f7800000,0x00000052f7900000) (1024K)]
  0x00000203266879b0 ConcurrentGCThread "G1 Service"                [id=9480, stack(0x00000052f7900000,0x00000052f7a00000) (1024K)]
Total: 10

Threads with active compile tasks:
C2 CompilerThread0  65490 4264       4       java.lang.ClassLoader::loadClass (7 bytes)
C2 CompilerThread1  65490 4266       4       java.util.ArrayDeque::pollFirst (36 bytes)
Total: 2

VM state: not at safepoint (normal execution)

VM Mutex/Monitor currently owned by a thread: None

Heap address: 0x00000000c2800000, size: 984 MB, Compressed Oops mode: 32-bit

CDS archive(s) not mapped
Compressed class space mapped at: 0x0000000100000000-0x0000000140000000, reserved size: 1073741824
Narrow klass base: 0x0000000000000000, Narrow klass shift: 3, Narrow klass range: 0x140000000

GC Precious Log:
 CardTable entry size: 512
 Card Set container configuration: InlinePtr #cards 5 size 8 Array Of Cards #cards 12 size 40 Howl #buckets 4 coarsen threshold 1843 Howl Bitmap #cards 512 size 80 coarsen threshold 460 Card regions per heap region 1 cards per card region 2048
 CPUs: 4 total, 4 available
 Memory: 3933M
 Large Page Support: Disabled
 NUMA Support: Disabled
 Compressed Oops: Enabled (32-bit)
 Heap Region Size: 1M
 Heap Min Capacity: 8M
 Heap Initial Capacity: 62M
 Heap Max Capacity: 984M
 Pre-touch: Disabled
 Parallel Workers: 4
 Concurrent Workers: 1
 Concurrent Refinement Workers: 4
 Periodic GC: Disabled

Heap:
 garbage-first heap   total 62464K, used 44293K [0x00000000c2800000, 0x0000000100000000)
  region size 1024K, 10 young (10240K), 3 survivors (3072K)
 Metaspace       used 48149K, committed 48960K, reserved 1114112K
  class space    used 5701K, committed 6080K, reserved 1048576K

Heap Regions: E=young(eden), S=young(survivor), O=old, HS=humongous(starts), HC=humongous(continues), CS=collection set, F=free, TAMS=top-at-mark-start, PB=parsable bottom
|   0|0x00000000c2800000, 0x00000000c2900000, 0x00000000c2900000|100%|HS|  |TAMS 0x00000000c2800000| PB 0x00000000c2800000| Complete 
|   1|0x00000000c2900000, 0x00000000c2a00000, 0x00000000c2a00000|100%|HC|  |TAMS 0x00000000c2900000| PB 0x00000000c2900000| Complete 
|   2|0x00000000c2a00000, 0x00000000c2b00000, 0x00000000c2b00000|100%|HC|  |TAMS 0x00000000c2a00000| PB 0x00000000c2a00000| Complete 
|   3|0x00000000c2b00000, 0x00000000c2c00000, 0x00000000c2c00000|100%| O|  |TAMS 0x00000000c2b00000| PB 0x00000000c2b00000| Untracked 
|   4|0x00000000c2c00000, 0x00000000c2d00000, 0x00000000c2d00000|100%| O|  |TAMS 0x00000000c2c00000| PB 0x00000000c2c00000| Untracked 
|   5|0x00000000c2d00000, 0x00000000c2e00000, 0x00000000c2e00000|100%|HS|  |TAMS 0x00000000c2d00000| PB 0x00000000c2d00000| Complete 
|   6|0x00000000c2e00000, 0x00000000c2f00000, 0x00000000c2f00000|100%| O|  |TAMS 0x00000000c2e00000| PB 0x00000000c2e00000| Untracked 
|   7|0x00000000c2f00000, 0x00000000c3000000, 0x00000000c3000000|100%| O|  |TAMS 0x00000000c2f00000| PB 0x00000000c2f00000| Untracked 
|   8|0x00000000c3000000, 0x00000000c3100000, 0x00000000c3100000|100%| O|  |TAMS 0x00000000c3000000| PB 0x00000000c3000000| Untracked 
|   9|0x00000000c3100000, 0x00000000c3200000, 0x00000000c3200000|100%| O|  |TAMS 0x00000000c3100000| PB 0x00000000c3100000| Untracked 
|  10|0x00000000c3200000, 0x00000000c3300000, 0x00000000c3300000|100%| O|  |TAMS 0x00000000c3200000| PB 0x00000000c3200000| Untracked 
|  11|0x00000000c3300000, 0x00000000c3400000, 0x00000000c3400000|100%| O|  |TAMS 0x00000000c3300000| PB 0x00000000c3300000| Untracked 
|  12|0x00000000c3400000, 0x00000000c3500000, 0x00000000c3500000|100%| O|  |TAMS 0x00000000c3400000| PB 0x00000000c3400000| Untracked 
|  13|0x00000000c3500000, 0x00000000c3600000, 0x00000000c3600000|100%| O|  |TAMS 0x00000000c3500000| PB 0x00000000c3500000| Untracked 
|  14|0x00000000c3600000, 0x00000000c3700000, 0x00000000c3700000|100%| O|  |TAMS 0x00000000c3600000| PB 0x00000000c3600000| Untracked 
|  15|0x00000000c3700000, 0x00000000c3800000, 0x00000000c3800000|100%| O|  |TAMS 0x00000000c3700000| PB 0x00000000c3700000| Untracked 
|  16|0x00000000c3800000, 0x00000000c3841418, 0x00000000c3900000| 25%| O|  |TAMS 0x00000000c3800000| PB 0x00000000c3800000| Untracked 
|  17|0x00000000c3900000, 0x00000000c3a00000, 0x00000000c3a00000|100%| O|  |TAMS 0x00000000c3900000| PB 0x00000000c3900000| Untracked 
|  18|0x00000000c3a00000, 0x00000000c3b00000, 0x00000000c3b00000|100%| O|  |TAMS 0x00000000c3a00000| PB 0x00000000c3a00000| Untracked 
|  19|0x00000000c3b00000, 0x00000000c3c00000, 0x00000000c3c00000|100%| O|  |TAMS 0x00000000c3b00000| PB 0x00000000c3b00000| Untracked 
|  20|0x00000000c3c00000, 0x00000000c3d00000, 0x00000000c3d00000|100%| O|  |TAMS 0x00000000c3c00000| PB 0x00000000c3c00000| Untracked 
|  21|0x00000000c3d00000, 0x00000000c3e00000, 0x00000000c3e00000|100%| O|  |TAMS 0x00000000c3d00000| PB 0x00000000c3d00000| Untracked 
|  22|0x00000000c3e00000, 0x00000000c3f00000, 0x00000000c3f00000|100%| O|  |TAMS 0x00000000c3e00000| PB 0x00000000c3e00000| Untracked 
|  23|0x00000000c3f00000, 0x00000000c4000000, 0x00000000c4000000|100%| O|  |TAMS 0x00000000c3f00000| PB 0x00000000c3f00000| Untracked 
|  24|0x00000000c4000000, 0x00000000c4100000, 0x00000000c4100000|100%| O|  |TAMS 0x00000000c4000000| PB 0x00000000c4000000| Untracked 
|  25|0x00000000c4100000, 0x00000000c4200000, 0x00000000c4200000|100%| O|Cm|TAMS 0x00000000c4100000| PB 0x00000000c4100000| Complete 
|  26|0x00000000c4200000, 0x00000000c4300000, 0x00000000c4300000|100%| O|  |TAMS 0x00000000c4200000| PB 0x00000000c4200000| Untracked 
|  27|0x00000000c4300000, 0x00000000c4400000, 0x00000000c4400000|100%|HS|  |TAMS 0x00000000c4300000| PB 0x00000000c4300000| Complete 
|  28|0x00000000c4400000, 0x00000000c4500000, 0x00000000c4500000|100%|HC|  |TAMS 0x00000000c4400000| PB 0x00000000c4400000| Complete 
|  29|0x00000000c4500000, 0x00000000c4600000, 0x00000000c4600000|100%| O|Cm|TAMS 0x00000000c4500000| PB 0x00000000c4500000| Complete 
|  30|0x00000000c4600000, 0x00000000c4700000, 0x00000000c4700000|100%| O|  |TAMS 0x00000000c4600000| PB 0x00000000c4600000| Untracked 
|  31|0x00000000c4700000, 0x00000000c4700000, 0x00000000c4800000|  0%| F|  |TAMS 0x00000000c4700000| PB 0x00000000c4700000| Untracked 
|  32|0x00000000c4800000, 0x00000000c4800000, 0x00000000c4900000|  0%| F|  |TAMS 0x00000000c4800000| PB 0x00000000c4800000| Untracked 
|  33|0x00000000c4900000, 0x00000000c4900000, 0x00000000c4a00000|  0%| F|  |TAMS 0x00000000c4900000| PB 0x00000000c4900000| Untracked 
|  34|0x00000000c4a00000, 0x00000000c4a00000, 0x00000000c4b00000|  0%| F|  |TAMS 0x00000000c4a00000| PB 0x00000000c4a00000| Untracked 
|  35|0x00000000c4b00000, 0x00000000c4b00000, 0x00000000c4c00000|  0%| F|  |TAMS 0x00000000c4b00000| PB 0x00000000c4b00000| Untracked 
|  36|0x00000000c4c00000, 0x00000000c4d00000, 0x00000000c4d00000|100%| S|CS|TAMS 0x00000000c4c00000| PB 0x00000000c4c00000| Complete 
|  37|0x00000000c4d00000, 0x00000000c4e00000, 0x00000000c4e00000|100%| S|CS|TAMS 0x00000000c4d00000| PB 0x00000000c4d00000| Complete 
|  38|0x00000000c4e00000, 0x00000000c4f00000, 0x00000000c4f00000|100%| S|CS|TAMS 0x00000000c4e00000| PB 0x00000000c4e00000| Complete 
|  39|0x00000000c4f00000, 0x00000000c4f00000, 0x00000000c5000000|  0%| F|  |TAMS 0x00000000c4f00000| PB 0x00000000c4f00000| Untracked 
|  40|0x00000000c5000000, 0x00000000c5000000, 0x00000000c5100000|  0%| F|  |TAMS 0x00000000c5000000| PB 0x00000000c5000000| Untracked 
|  41|0x00000000c5100000, 0x00000000c5100000, 0x00000000c5200000|  0%| F|  |TAMS 0x00000000c5100000| PB 0x00000000c5100000| Untracked 
|  42|0x00000000c5200000, 0x00000000c5200000, 0x00000000c5300000|  0%| F|  |TAMS 0x00000000c5200000| PB 0x00000000c5200000| Untracked 
|  43|0x00000000c5300000, 0x00000000c5300000, 0x00000000c5400000|  0%| F|  |TAMS 0x00000000c5300000| PB 0x00000000c5300000| Untracked 
|  44|0x00000000c5400000, 0x00000000c5400000, 0x00000000c5500000|  0%| F|  |TAMS 0x00000000c5400000| PB 0x00000000c5400000| Untracked 
|  45|0x00000000c5500000, 0x00000000c5500000, 0x00000000c5600000|  0%| F|  |TAMS 0x00000000c5500000| PB 0x00000000c5500000| Untracked 
|  46|0x00000000c5600000, 0x00000000c5600000, 0x00000000c5700000|  0%| F|  |TAMS 0x00000000c5600000| PB 0x00000000c5600000| Untracked 
|  47|0x00000000c5700000, 0x00000000c5700000, 0x00000000c5800000|  0%| F|  |TAMS 0x00000000c5700000| PB 0x00000000c5700000| Untracked 
|  48|0x00000000c5800000, 0x00000000c5800000, 0x00000000c5900000|  0%| F|  |TAMS 0x00000000c5800000| PB 0x00000000c5800000| Untracked 
|  49|0x00000000c5900000, 0x00000000c5900000, 0x00000000c5a00000|  0%| F|  |TAMS 0x00000000c5900000| PB 0x00000000c5900000| Untracked 
|  50|0x00000000c5a00000, 0x00000000c5b00000, 0x00000000c5b00000|100%| E|  |TAMS 0x00000000c5a00000| PB 0x00000000c5a00000| Complete 
|  51|0x00000000c5b00000, 0x00000000c5c00000, 0x00000000c5c00000|100%| E|CS|TAMS 0x00000000c5b00000| PB 0x00000000c5b00000| Complete 
|  52|0x00000000c5c00000, 0x00000000c5d00000, 0x00000000c5d00000|100%| E|CS|TAMS 0x00000000c5c00000| PB 0x00000000c5c00000| Complete 
|  53|0x00000000c5d00000, 0x00000000c5e00000, 0x00000000c5e00000|100%| E|CS|TAMS 0x00000000c5d00000| PB 0x00000000c5d00000| Complete 
|  54|0x00000000c5e00000, 0x00000000c5f00000, 0x00000000c5f00000|100%| E|CS|TAMS 0x00000000c5e00000| PB 0x00000000c5e00000| Complete 
|  55|0x00000000c5f00000, 0x00000000c6000000, 0x00000000c6000000|100%| E|CS|TAMS 0x00000000c5f00000| PB 0x00000000c5f00000| Complete 
|  61|0x00000000c6500000, 0x00000000c6600000, 0x00000000c6600000|100%| E|CS|TAMS 0x00000000c6500000| PB 0x00000000c6500000| Complete 
| 980|0x00000000ffc00000, 0x00000000ffd00000, 0x00000000ffd00000|100%| O|  |TAMS 0x00000000ffc00000| PB 0x00000000ffc00000| Untracked 
| 981|0x00000000ffd00000, 0x00000000ffe00000, 0x00000000ffe00000|100%| O|  |TAMS 0x00000000ffd00000| PB 0x00000000ffd00000| Untracked 
| 982|0x00000000ffe00000, 0x00000000fff00000, 0x00000000fff00000|100%| O|  |TAMS 0x00000000ffe00000| PB 0x00000000ffe00000| Untracked 
| 983|0x00000000fff00000, 0x0000000100000000, 0x0000000100000000|100%| O|  |TAMS 0x00000000fff00000| PB 0x00000000fff00000| Untracked 

Card table byte_map: [0x0000020338930000,0x0000020338b20000] _byte_map_base: 0x000002033831c000

Marking Bits: (CMBitMap*) 0x000002032661da50
 Bits: [0x0000020338b20000, 0x0000020339a80000)

Polling page: 0x0000020324510000

Metaspace:

Usage:
  Non-class:     41.45 MB used.
      Class:      5.57 MB used.
       Both:     47.02 MB used.

Virtual space:
  Non-class space:       64.00 MB reserved,      41.88 MB ( 65%) committed,  1 nodes.
      Class space:        1.00 GB reserved,       5.94 MB ( <1%) committed,  1 nodes.
             Both:        1.06 GB reserved,      47.81 MB (  4%) committed. 

Chunk freelists:
   Non-Class:  5.86 MB
       Class:  10.08 MB
        Both:  15.94 MB

MaxMetaspaceSize: unlimited
CompressedClassSpaceSize: 1.00 GB
Initial GC threshold: 21.00 MB
Current GC threshold: 75.88 MB
CDS: off
 - commit_granule_bytes: 65536.
 - commit_granule_words: 8192.
 - virtual_space_node_default_size: 8388608.
 - enlarge_chunks_in_place: 1.
 - use_allocation_guard: 0.


Internal statistics:

num_allocs_failed_limit: 6.
num_arena_births: 1250.
num_arena_deaths: 0.
num_vsnodes_births: 2.
num_vsnodes_deaths: 0.
num_space_committed: 763.
num_space_uncommitted: 0.
num_chunks_returned_to_freelist: 6.
num_chunks_taken_from_freelist: 2899.
num_chunk_merges: 6.
num_chunk_splits: 2088.
num_chunks_enlarged: 1481.
num_inconsistent_stats: 0.

CodeHeap 'non-profiled nmethods': size=120000Kb used=2054Kb max_used=2067Kb free=117945Kb
 bounds [0x0000020331210000, 0x0000020331480000, 0x0000020338740000]
CodeHeap 'profiled nmethods': size=120000Kb used=8095Kb max_used=8095Kb free=111904Kb
 bounds [0x0000020329740000, 0x0000020329f30000, 0x0000020330c70000]
CodeHeap 'non-nmethods': size=5760Kb used=1542Kb max_used=1596Kb free=4218Kb
 bounds [0x0000020330c70000, 0x0000020330ee0000, 0x0000020331210000]
 total_blobs=4462 nmethods=3848 adapters=518
 compilation: enabled
              stopped_count=0, restarted_count=0
 full_count=0

Compilation events (20 events):
Event: 65.144 Thread 0x000002033c220fe0 nmethod 4368 0x0000020329f10b90 code [0x0000020329f10d40, 0x0000020329f10fd8]
Event: 65.181 Thread 0x000002033c8abee0 nmethod 4347 0x00000203312d9390 code [0x00000203312d96c0, 0x00000203312da6c0]
Event: 65.182 Thread 0x000002033c8abee0 4271       4       org.jetbrains.org.objectweb.asm.ClassReader::readElementValue (1237 bytes)
Event: 65.192 Thread 0x000002033c220fe0 4369       3       org.jetbrains.kotlin.metadata.ProtoBuf$Expression::getSerializedSize (227 bytes)
Event: 65.197 Thread 0x000002033c220fe0 nmethod 4369 0x0000020329f11090 code [0x0000020329f114c0, 0x0000020329f12f68]
Event: 65.197 Thread 0x000002033c220fe0 4370       1       org.jetbrains.kotlin.metadata.ProtoBuf$Effect$InvocationKind::getNumber (5 bytes)
Event: 65.198 Thread 0x000002033c220fe0 nmethod 4370 0x00000203312d9090 code [0x00000203312d9220, 0x00000203312d92e8]
Event: 65.236 Thread 0x000002033c220fe0 4371       3       org.jetbrains.kotlin.metadata.ProtoBuf$Constructor::isInitialized (73 bytes)
Event: 65.239 Thread 0x000002033c220fe0 nmethod 4371 0x0000020329f13990 code [0x0000020329f13bc0, 0x0000020329f143a0]
Event: 65.244 Thread 0x000002033c220fe0 4372   !   3       java.util.AbstractList$ListItr::previous (46 bytes)
Event: 65.245 Thread 0x000002033c220fe0 nmethod 4372 0x0000020329f14610 code [0x0000020329f14820, 0x0000020329f14e30]
Event: 65.246 Thread 0x000002033c220fe0 4373       3       org.jetbrains.kotlin.psi.KtImportDirective::getAliasName (18 bytes)
Event: 65.246 Thread 0x000002033c220fe0 nmethod 4373 0x0000020329f15110 code [0x0000020329f15300, 0x0000020329f156c8]
Event: 65.246 Thread 0x000002033c220fe0 4374       3       org.jetbrains.kotlin.psi.KtImportDirective::getAlias (11 bytes)
Event: 65.246 Thread 0x000002033c220fe0 nmethod 4374 0x0000020329f15810 code [0x0000020329f159c0, 0x0000020329f15c68]
Event: 65.246 Thread 0x000002033c220fe0 4375       1       org.jetbrains.kotlin.config.AnalysisFlag::getDefaultValue (5 bytes)
Event: 65.247 Thread 0x000002033c220fe0 nmethod 4375 0x00000203312d8d90 code [0x00000203312d8f20, 0x00000203312d8fe8]
Event: 65.247 Thread 0x000002033c220fe0 4376       3       org.jetbrains.kotlin.resolve.QualifiedExpressionResolver$ExpressionQualifierPart::<init> (38 bytes)
Event: 65.319 Thread 0x000002033c220fe0 nmethod 4376 0x0000020329f15d10 code [0x0000020329f16140, 0x0000020329f17d98]
Event: 65.319 Thread 0x000002033c220fe0 4379       3       org.jetbrains.kotlin.resolve.BindingTraceContext::record (45 bytes)

GC Heap History (20 events):
Event: 34.539 GC heap before
{Heap before GC invocations=8 (full 0):
 garbage-first heap   total 38912K, used 28447K [0x00000000c2800000, 0x0000000100000000)
  region size 1024K, 13 young (13312K), 2 survivors (2048K)
 Metaspace       used 35759K, committed 35968K, reserved 1114112K
  class space    used 4330K, committed 4416K, reserved 1048576K
}
Event: 34.558 GC heap after
{Heap after GC invocations=9 (full 0):
 garbage-first heap   total 38912K, used 19467K [0x00000000c2800000, 0x0000000100000000)
  region size 1024K, 2 young (2048K), 2 survivors (2048K)
 Metaspace       used 35759K, committed 35968K, reserved 1114112K
  class space    used 4330K, committed 4416K, reserved 1048576K
}
Event: 35.833 GC heap before
{Heap before GC invocations=10 (full 0):
 garbage-first heap   total 38912K, used 30731K [0x00000000c2800000, 0x0000000100000000)
  region size 1024K, 14 young (14336K), 2 survivors (2048K)
 Metaspace       used 38420K, committed 38784K, reserved 1114112K
  class space    used 4569K, committed 4736K, reserved 1048576K
}
Event: 35.847 GC heap after
{Heap after GC invocations=11 (full 0):
 garbage-first heap   total 38912K, used 20710K [0x00000000c2800000, 0x0000000100000000)
  region size 1024K, 2 young (2048K), 2 survivors (2048K)
 Metaspace       used 38420K, committed 38784K, reserved 1114112K
  class space    used 4569K, committed 4736K, reserved 1048576K
}
Event: 40.303 GC heap before
{Heap before GC invocations=11 (full 0):
 garbage-first heap   total 38912K, used 32998K [0x00000000c2800000, 0x0000000100000000)
  region size 1024K, 14 young (14336K), 2 survivors (2048K)
 Metaspace       used 39944K, committed 40512K, reserved 1114112K
  class space    used 4797K, committed 5056K, reserved 1048576K
}
Event: 40.558 GC heap after
{Heap after GC invocations=12 (full 0):
 garbage-first heap   total 47104K, used 21225K [0x00000000c2800000, 0x0000000100000000)
  region size 1024K, 1 young (1024K), 1 survivors (1024K)
 Metaspace       used 39944K, committed 40512K, reserved 1114112K
  class space    used 4797K, committed 5056K, reserved 1048576K
}
Event: 53.629 GC heap before
{Heap before GC invocations=12 (full 0):
 garbage-first heap   total 47104K, used 39657K [0x00000000c2800000, 0x0000000100000000)
  region size 1024K, 19 young (19456K), 1 survivors (1024K)
 Metaspace       used 44173K, committed 44992K, reserved 1114112K
  class space    used 5321K, committed 5696K, reserved 1048576K
}
Event: 53.647 GC heap after
{Heap after GC invocations=13 (full 0):
 garbage-first heap   total 47104K, used 22847K [0x00000000c2800000, 0x0000000100000000)
  region size 1024K, 3 young (3072K), 3 survivors (3072K)
 Metaspace       used 44173K, committed 44992K, reserved 1114112K
  class space    used 5321K, committed 5696K, reserved 1048576K
}
Event: 57.551 GC heap before
{Heap before GC invocations=13 (full 0):
 garbage-first heap   total 47104K, used 40255K [0x00000000c2800000, 0x0000000100000000)
  region size 1024K, 20 young (20480K), 3 survivors (3072K)
 Metaspace       used 45491K, committed 46272K, reserved 1114112K
  class space    used 5445K, committed 5824K, reserved 1048576K
}
Event: 57.600 GC heap after
{Heap after GC invocations=14 (full 0):
 garbage-first heap   total 47104K, used 26473K [0x00000000c2800000, 0x0000000100000000)
  region size 1024K, 3 young (3072K), 3 survivors (3072K)
 Metaspace       used 45491K, committed 46272K, reserved 1114112K
  class space    used 5445K, committed 5824K, reserved 1048576K
}
Event: 58.638 GC heap before
{Heap before GC invocations=14 (full 0):
 garbage-first heap   total 47104K, used 36713K [0x00000000c2800000, 0x0000000100000000)
  region size 1024K, 14 young (14336K), 3 survivors (3072K)
 Metaspace       used 45621K, committed 46336K, reserved 1114112K
  class space    used 5448K, committed 5824K, reserved 1048576K
}
Event: 58.656 GC heap after
{Heap after GC invocations=15 (full 0):
 garbage-first heap   total 47104K, used 27933K [0x00000000c2800000, 0x0000000100000000)
  region size 1024K, 2 young (2048K), 2 survivors (2048K)
 Metaspace       used 45621K, committed 46336K, reserved 1114112K
  class space    used 5448K, committed 5824K, reserved 1048576K
}
Event: 59.730 GC heap before
{Heap before GC invocations=16 (full 0):
 garbage-first heap   total 48128K, used 40221K [0x00000000c2800000, 0x0000000100000000)
  region size 1024K, 14 young (14336K), 2 survivors (2048K)
 Metaspace       used 45634K, committed 46400K, reserved 1114112K
  class space    used 5448K, committed 5824K, reserved 1048576K
}
Event: 59.763 GC heap after
{Heap after GC invocations=17 (full 0):
 garbage-first heap   total 48128K, used 31744K [0x00000000c2800000, 0x0000000100000000)
  region size 1024K, 2 young (2048K), 2 survivors (2048K)
 Metaspace       used 45634K, committed 46400K, reserved 1114112K
  class space    used 5448K, committed 5824K, reserved 1048576K
}
Event: 60.458 GC heap before
{Heap before GC invocations=17 (full 0):
 garbage-first heap   total 48128K, used 40960K [0x00000000c2800000, 0x0000000100000000)
  region size 1024K, 11 young (11264K), 2 survivors (2048K)
 Metaspace       used 45642K, committed 46400K, reserved 1114112K
  class space    used 5448K, committed 5824K, reserved 1048576K
}
Event: 60.478 GC heap after
{Heap after GC invocations=18 (full 0):
 garbage-first heap   total 48128K, used 33884K [0x00000000c2800000, 0x0000000100000000)
  region size 1024K, 2 young (2048K), 2 survivors (2048K)
 Metaspace       used 45642K, committed 46400K, reserved 1114112K
  class space    used 5448K, committed 5824K, reserved 1048576K
}
Event: 61.531 GC heap before
{Heap before GC invocations=18 (full 0):
 garbage-first heap   total 48128K, used 41052K [0x00000000c2800000, 0x0000000100000000)
  region size 1024K, 10 young (10240K), 2 survivors (2048K)
 Metaspace       used 45721K, committed 46528K, reserved 1114112K
  class space    used 5448K, committed 5824K, reserved 1048576K
}
Event: 61.545 GC heap after
{Heap after GC invocations=19 (full 0):
 garbage-first heap   total 62464K, used 33844K [0x00000000c2800000, 0x0000000100000000)
  region size 1024K, 2 young (2048K), 2 survivors (2048K)
 Metaspace       used 45721K, committed 46528K, reserved 1114112K
  class space    used 5448K, committed 5824K, reserved 1048576K
}
Event: 64.447 GC heap before
{Heap before GC invocations=20 (full 0):
 garbage-first heap   total 62464K, used 53300K [0x00000000c2800000, 0x0000000100000000)
  region size 1024K, 20 young (20480K), 2 survivors (2048K)
 Metaspace       used 48070K, committed 48832K, reserved 1114112K
  class space    used 5698K, committed 6080K, reserved 1048576K
}
Event: 64.473 GC heap after
{Heap after GC invocations=21 (full 0):
 garbage-first heap   total 62464K, used 38149K [0x00000000c2800000, 0x0000000100000000)
  region size 1024K, 3 young (3072K), 3 survivors (3072K)
 Metaspace       used 48070K, committed 48832K, reserved 1114112K
  class space    used 5698K, committed 6080K, reserved 1048576K
}

Dll operation events (3 events):
Event: 0.022 Loaded shared library C:\Program Files\Android\Android Studio\jbr\bin\java.dll
Event: 0.033 Loaded shared library C:\Program Files\Android\Android Studio\jbr\bin\zip.dll
Event: 5.312 Loaded shared library C:\Program Files\Android\Android Studio\jbr\bin\verify.dll

Deoptimization events (20 events):
Event: 61.583 Thread 0x00000203242fe410 DEOPT PACKING pc=0x00000203313be1e4 sp=0x00000052f74fd050
Event: 61.583 Thread 0x00000203242fe410 DEOPT UNPACKING pc=0x0000020330cc46a2 sp=0x00000052f74fcff0 mode 2
Event: 61.583 Thread 0x00000203242fe410 Uncommon trap: trap_request=0xffffff45 fr.pc=0x00000203313e4bac relative=0x000000000000130c
Event: 61.583 Thread 0x00000203242fe410 Uncommon trap: reason=unstable_if action=reinterpret pc=0x00000203313e4bac method=org.jetbrains.kotlin.metadata.ProtoBuf$Type.writeTo(Lorg/jetbrains/kotlin/protobuf/CodedOutputStream;)V @ 228 c2
Event: 61.583 Thread 0x00000203242fe410 DEOPT PACKING pc=0x00000203313e4bac sp=0x00000052f74fce90
Event: 61.583 Thread 0x00000203242fe410 DEOPT UNPACKING pc=0x0000020330cc46a2 sp=0x00000052f74fce88 mode 2
Event: 61.586 Thread 0x00000203242fe410 Uncommon trap: trap_request=0xffffff45 fr.pc=0x00000203313d24f4 relative=0x00000000000003f4
Event: 61.586 Thread 0x00000203242fe410 Uncommon trap: reason=unstable_if action=reinterpret pc=0x00000203313d24f4 method=org.jetbrains.kotlin.metadata.ProtoBuf$Type.hasOuterType()Z @ 11 c2
Event: 61.586 Thread 0x00000203242fe410 DEOPT PACKING pc=0x00000203313d24f4 sp=0x00000052f74fd530
Event: 61.586 Thread 0x00000203242fe410 DEOPT UNPACKING pc=0x0000020330cc46a2 sp=0x00000052f74fd468 mode 2
Event: 62.239 Thread 0x00000203242fe410 DEOPT PACKING pc=0x0000020329e8e4fd sp=0x00000052f74fc170
Event: 62.239 Thread 0x00000203242fe410 DEOPT UNPACKING pc=0x0000020330cc4e42 sp=0x00000052f74fb600 mode 0
Event: 62.736 Thread 0x00000203242fe410 Uncommon trap: trap_request=0xffffffde fr.pc=0x00000203313ceb10 relative=0x0000000000000850
Event: 62.736 Thread 0x00000203242fe410 Uncommon trap: reason=class_check action=maybe_recompile pc=0x00000203313ceb10 method=org.jetbrains.kotlin.it.unimi.dsi.fastutil.objects.ObjectOpenHashSet.add(Ljava/lang/Object;)Z @ 30 c2
Event: 62.736 Thread 0x00000203242fe410 DEOPT PACKING pc=0x00000203313ceb10 sp=0x00000052f74fbc40
Event: 62.736 Thread 0x00000203242fe410 DEOPT UNPACKING pc=0x0000020330cc46a2 sp=0x00000052f74fbc00 mode 2
Event: 63.189 Thread 0x00000203242fe410 Uncommon trap: trap_request=0xffffff45 fr.pc=0x00000203312bb154 relative=0x00000000000002f4
Event: 63.189 Thread 0x00000203242fe410 Uncommon trap: reason=unstable_if action=reinterpret pc=0x00000203312bb154 method=org.jetbrains.kotlin.name.Name.hashCode()I @ 16 c2
Event: 63.189 Thread 0x00000203242fe410 DEOPT PACKING pc=0x00000203312bb154 sp=0x00000052f74fc3f0
Event: 63.189 Thread 0x00000203242fe410 DEOPT UNPACKING pc=0x0000020330cc46a2 sp=0x00000052f74fc378 mode 2

Classes loaded (20 events):
Event: 50.475 Loading class java/util/AbstractList$ListItr
Event: 50.477 Loading class java/util/AbstractList$ListItr done
Event: 53.316 Loading class java/security/AccessControlException
Event: 53.318 Loading class java/security/AccessControlException done
Event: 53.386 Loading class java/text/StringCharacterIterator
Event: 53.397 Loading class java/text/CharacterIterator
Event: 53.399 Loading class java/text/CharacterIterator done
Event: 53.399 Loading class java/text/StringCharacterIterator done
Event: 53.623 Loading class java/lang/annotation/ElementType
Event: 53.625 Loading class java/lang/annotation/ElementType done
Event: 53.625 Loading class java/lang/Override
Event: 53.626 Loading class java/lang/Override done
Event: 55.102 Loading class java/util/ArrayList$SubList$1
Event: 55.110 Loading class java/util/ArrayList$SubList$1 done
Event: 62.387 Loading class java/util/Collections$SingletonMap
Event: 62.392 Loading class java/util/Collections$SingletonMap done
Event: 62.617 Loading class java/util/ArrayList$ListItr
Event: 62.619 Loading class java/util/ArrayList$ListItr done
Event: 62.785 Loading class java/io/InvalidObjectException
Event: 62.786 Loading class java/io/InvalidObjectException done

Classes unloaded (0 events):
No events

Classes redefined (0 events):
No events

Internal exceptions (20 events):
Event: 41.193 Thread 0x00000203242fe410 Exception <a 'java/lang/NoSuchMethodError'{0x00000000c5b643e8}: 'java.lang.Object java.lang.invoke.DelegatingMethodHandle$Holder.reinvoke_L(java.lang.Object, java.lang.Object, java.lang.Object, java.lang.Object, java.lang.Object, java.lang.Object, java.lang.Object, java.lang.Object, java.lang.Object, java.lang.Object, java.lang.Object, java.lang.Object, java.lang.Object, java.lang.Object, java.lang.Object, java.lang.Object, java.lang.Object, java.lang.Object)'> (0x00000000c5b643e8) 
thrown [s\src\hotspot\s
Event: 41.445 Thread 0x00000203242fe410 Exception <a 'java/lang/NoSuchMethodError'{0x00000000c5beaf78}: 'java.lang.Object java.lang.invoke.DirectMethodHandle$Holder.newInvokeSpecial(java.lang.Object, java.lang.Object, java.lang.Object, java.lang.Object, java.lang.Object, java.lang.Object, java.lang.Object, java.lang.Object, java.lang.Object, java.lang.Object, java.lang.Object, java.lang.Object, java.lang.Object, java.lang.Object, java.lang.Object, java.lang.Object, java.lang.Object, java.lang.Object, java.lang.Object, java.lang.Object, java.lang
Event: 41.447 Thread 0x00000203242fe410 Exception <a 'java/lang/NoSuchMethodError'{0x00000000c5bf1f18}: 'java.lang.Object java.lang.invoke.DirectMethodHandle$Holder.invokeSpecial(java.lang.Object, java.lang.Object, java.lang.Object, java.lang.Object, java.lang.Object, java.lang.Object, java.lang.Object, java.lang.Object, java.lang.Object, java.lang.Object, java.lang.Object, java.lang.Object, java.lang.Object, java.lang.Object, java.lang.Object, java.lang.Object, java.lang.Object, java.lang.Object, java.lang.Object, java.lang.Object, java.lang.Ob
Event: 41.448 Thread 0x00000203242fe410 Exception <a 'java/lang/NoSuchMethodError'{0x00000000c5bf7680}: 'java.lang.Object java.lang.invoke.DelegatingMethodHandle$Holder.reinvoke_L(java.lang.Object, java.lang.Object, java.lang.Object, java.lang.Object, java.lang.Object, java.lang.Object, java.lang.Object, java.lang.Object, java.lang.Object, java.lang.Object, java.lang.Object, java.lang.Object, java.lang.Object, java.lang.Object, java.lang.Object, java.lang.Object, java.lang.Object, java.lang.Object, java.lang.Object, java.lang.Object, java.lang.O
Event: 41.726 Thread 0x00000203242fe410 Exception <a 'java/lang/NoSuchMethodError'{0x00000000c5ac3d68}: 'java.lang.Object java.lang.invoke.DirectMethodHandle$Holder.invokeStatic(java.lang.Object, java.lang.Object, java.lang.Object, java.lang.Object, java.lang.Object, java.lang.Object, java.lang.Object, java.lang.Object, java.lang.Object, java.lang.Object, java.lang.Object, java.lang.Object, java.lang.Object, java.lang.Object, java.lang.Object, java.lang.Object, java.lang.Object, java.lang.Object, java.lang.Object, java.lang.Object, java.lang.Obj
Event: 41.738 Thread 0x00000203242fe410 Exception <a 'java/lang/NoSuchMethodError'{0x00000000c5af60a8}: 'java.lang.Object java.lang.invoke.DirectMethodHandle$Holder.invokeStatic(java.lang.Object, java.lang.Object, java.lang.Object, java.lang.Object, java.lang.Object, java.lang.Object, java.lang.Object, java.lang.Object, java.lang.Object, java.lang.Object, java.lang.Object, java.lang.Object, java.lang.Object, java.lang.Object, java.lang.Object, java.lang.Object, java.lang.Object, java.lang.Object, java.lang.Object, java.lang.Object, java.lang.Obj
Event: 42.011 Thread 0x00000203242fe410 Exception <a 'java/lang/NoSuchMethodError'{0x00000000c4e7a1e8}: 'java.lang.Object java.lang.invoke.DirectMethodHandle$Holder.newInvokeSpecial(java.lang.Object, java.lang.Object, java.lang.Object, java.lang.Object, java.lang.Object, java.lang.Object, java.lang.Object, java.lang.Object, java.lang.Object, java.lang.Object, java.lang.Object, java.lang.Object, java.lang.Object)'> (0x00000000c4e7a1e8) 
thrown [s\src\hotspot\share\interpreter\linkResolver.cpp, line 784]
Event: 42.012 Thread 0x00000203242fe410 Exception <a 'java/lang/NoSuchMethodError'{0x00000000c4e7f168}: 'java.lang.Object java.lang.invoke.DirectMethodHandle$Holder.invokeSpecial(java.lang.Object, java.lang.Object, java.lang.Object, java.lang.Object, java.lang.Object, java.lang.Object, java.lang.Object, java.lang.Object, java.lang.Object, java.lang.Object, java.lang.Object, java.lang.Object, java.lang.Object, java.lang.Object)'> (0x00000000c4e7f168) 
thrown [s\src\hotspot\share\interpreter\linkResolver.cpp, line 784]
Event: 42.013 Thread 0x00000203242fe410 Exception <a 'java/lang/NoSuchMethodError'{0x00000000c4e836a8}: 'java.lang.Object java.lang.invoke.DelegatingMethodHandle$Holder.reinvoke_L(java.lang.Object, java.lang.Object, java.lang.Object, java.lang.Object, java.lang.Object, java.lang.Object, java.lang.Object, java.lang.Object, java.lang.Object, java.lang.Object, java.lang.Object, java.lang.Object, java.lang.Object)'> (0x00000000c4e836a8) 
thrown [s\src\hotspot\share\interpreter\linkResolver.cpp, line 784]
Event: 48.845 Thread 0x00000203242fe410 Implicit null exception at 0x0000020331381363 to 0x00000203313813f9
Event: 55.880 Thread 0x00000203242fe410 Exception <a 'java/lang/NoSuchMethodError'{0x00000000c486f930}: 'java.lang.Object java.lang.invoke.DirectMethodHandle$Holder.newInvokeSpecial(java.lang.Object, java.lang.Object, java.lang.Object, java.lang.Object, int)'> (0x00000000c486f930) 
thrown [s\src\hotspot\share\interpreter\linkResolver.cpp, line 784]
Event: 55.893 Thread 0x00000203242fe410 Exception <a 'java/lang/NoSuchMethodError'{0x00000000c4873ce8}: 'java.lang.Object java.lang.invoke.DirectMethodHandle$Holder.invokeSpecial(java.lang.Object, java.lang.Object, java.lang.Object, java.lang.Object, java.lang.Object, int)'> (0x00000000c4873ce8) 
thrown [s\src\hotspot\share\interpreter\linkResolver.cpp, line 784]
Event: 55.893 Thread 0x00000203242fe410 Exception <a 'java/lang/NoSuchMethodError'{0x00000000c4877a18}: 'java.lang.Object java.lang.invoke.Invokers$Holder.linkToTargetMethod(java.lang.Object, java.lang.Object, java.lang.Object, int, java.lang.Object)'> (0x00000000c4877a18) 
thrown [s\src\hotspot\share\interpreter\linkResolver.cpp, line 784]
Event: 56.553 Thread 0x00000203242fe410 Exception <a 'java/lang/NoSuchMethodError'{0x00000000c478ddf0}: 'java.lang.Object java.lang.invoke.DirectMethodHandle$Holder.newInvokeSpecial(java.lang.Object, java.lang.Object, java.lang.Object, java.lang.Object, java.lang.Object, int, java.lang.Object)'> (0x00000000c478ddf0) 
thrown [s\src\hotspot\share\interpreter\linkResolver.cpp, line 784]
Event: 61.734 Thread 0x00000203242fe410 Exception <a 'java/lang/NoSuchMethodError'{0x00000000c5e1d9f0}: 'java.lang.Object java.lang.invoke.DirectMethodHandle$Holder.invokeStatic(java.lang.Object, java.lang.Object, int, java.lang.Object)'> (0x00000000c5e1d9f0) 
thrown [s\src\hotspot\share\interpreter\linkResolver.cpp, line 784]
Event: 61.744 Thread 0x00000203242fe410 Exception <a 'java/lang/NoSuchMethodError'{0x00000000c5e24c60}: 'java.lang.Object java.lang.invoke.DirectMethodHandle$Holder.newInvokeSpecial(java.lang.Object, java.lang.Object, int, java.lang.Object)'> (0x00000000c5e24c60) 
thrown [s\src\hotspot\share\interpreter\linkResolver.cpp, line 784]
Event: 61.750 Thread 0x00000203242fe410 Exception <a 'java/lang/NoSuchMethodError'{0x00000000c5e28b20}: 'java.lang.Object java.lang.invoke.DirectMethodHandle$Holder.invokeSpecial(java.lang.Object, java.lang.Object, java.lang.Object, int, java.lang.Object)'> (0x00000000c5e28b20) 
thrown [s\src\hotspot\share\interpreter\linkResolver.cpp, line 784]
Event: 62.344 Thread 0x00000203242fe410 Exception <a 'java/lang/NoSuchMethodError'{0x00000000c5bab398}: 'java.lang.Object java.lang.invoke.DirectMethodHandle$Holder.invokeStatic(java.lang.Object, java.lang.Object, java.lang.Object, java.lang.Object, int, java.lang.Object, java.lang.Object)'> (0x00000000c5bab398) 
thrown [s\src\hotspot\share\interpreter\linkResolver.cpp, line 784]
Event: 62.347 Thread 0x00000203242fe410 Exception <a 'java/lang/NoSuchMethodError'{0x00000000c5bb40b8}: 'java.lang.Object java.lang.invoke.DirectMethodHandle$Holder.newInvokeSpecial(java.lang.Object, java.lang.Object, java.lang.Object, java.lang.Object, int, java.lang.Object)'> (0x00000000c5bb40b8) 
thrown [s\src\hotspot\share\interpreter\linkResolver.cpp, line 784]
Event: 62.349 Thread 0x00000203242fe410 Exception <a 'java/lang/NoSuchMethodError'{0x00000000c5bb83e0}: 'java.lang.Object java.lang.invoke.DirectMethodHandle$Holder.invokeSpecial(java.lang.Object, java.lang.Object, java.lang.Object, java.lang.Object, java.lang.Object, int, java.lang.Object)'> (0x00000000c5bb83e0) 
thrown [s\src\hotspot\share\interpreter\linkResolver.cpp, line 784]

ZGC Phase Switch (0 events):
No events

VM Operations (20 events):
Event: 61.487 Executing VM operation: Cleanup
Event: 61.488 Executing VM operation: Cleanup done
Event: 61.531 Executing VM operation: G1CollectForAllocation (G1 Evacuation Pause)
Event: 61.545 Executing VM operation: G1CollectForAllocation (G1 Evacuation Pause) done
Event: 61.760 Executing VM operation: G1PauseRemark
Event: 61.782 Executing VM operation: G1PauseRemark done
Event: 61.859 Executing VM operation: G1PauseCleanup
Event: 61.860 Executing VM operation: G1PauseCleanup done
Event: 62.622 Executing VM operation: HandshakeAllThreads (Deoptimize)
Event: 62.622 Executing VM operation: HandshakeAllThreads (Deoptimize) done
Event: 63.415 Executing VM operation: HandshakeAllThreads (Deoptimize)
Event: 63.415 Executing VM operation: HandshakeAllThreads (Deoptimize) done
Event: 63.415 Executing VM operation: Cleanup
Event: 63.416 Executing VM operation: Cleanup done
Event: 63.458 Executing VM operation: HandshakeAllThreads (Deoptimize)
Event: 63.459 Executing VM operation: HandshakeAllThreads (Deoptimize) done
Event: 63.478 Executing VM operation: HandshakeAllThreads (Deoptimize)
Event: 63.479 Executing VM operation: HandshakeAllThreads (Deoptimize) done
Event: 64.447 Executing VM operation: G1CollectForAllocation (G1 Evacuation Pause)
Event: 64.474 Executing VM operation: G1CollectForAllocation (G1 Evacuation Pause) done

Memory protections (0 events):
No events

Nmethod flushes (20 events):
Event: 61.782 Thread 0x000002033bf1ac40 flushing  nmethod 0x0000020329ce6590
Event: 61.782 Thread 0x000002033bf1ac40 flushing  nmethod 0x0000020329ce7490
Event: 61.782 Thread 0x000002033bf1ac40 flushing  nmethod 0x0000020329cede10
Event: 61.782 Thread 0x000002033bf1ac40 flushing  nmethod 0x0000020329cee410
Event: 61.782 Thread 0x000002033bf1ac40 flushing  nmethod 0x0000020329cef010
Event: 61.782 Thread 0x000002033bf1ac40 flushing  nmethod 0x0000020329cf2c10
Event: 61.782 Thread 0x000002033bf1ac40 flushing  nmethod 0x0000020329cf4d10
Event: 61.782 Thread 0x000002033bf1ac40 flushing  nmethod 0x0000020329cf6590
Event: 61.782 Thread 0x000002033bf1ac40 flushing  nmethod 0x0000020329cf7290
Event: 61.782 Thread 0x000002033bf1ac40 flushing  nmethod 0x0000020329cf7790
Event: 61.782 Thread 0x000002033bf1ac40 flushing  nmethod 0x0000020329d0af10
Event: 61.782 Thread 0x000002033bf1ac40 flushing  nmethod 0x0000020329d0b410
Event: 61.782 Thread 0x000002033bf1ac40 flushing  nmethod 0x0000020329d0f190
Event: 61.782 Thread 0x000002033bf1ac40 flushing  nmethod 0x0000020329d0fb10
Event: 61.782 Thread 0x000002033bf1ac40 flushing  nmethod 0x0000020329d10d10
Event: 61.782 Thread 0x000002033bf1ac40 flushing  nmethod 0x0000020329d12210
Event: 61.782 Thread 0x000002033bf1ac40 flushing  nmethod 0x0000020329d32710
Event: 61.782 Thread 0x000002033bf1ac40 flushing  nmethod 0x0000020329d35790
Event: 61.782 Thread 0x000002033bf1ac40 flushing  nmethod 0x0000020329d9bd90
Event: 61.782 Thread 0x000002033bf1ac40 flushing  nmethod 0x0000020329e7e110

Events (20 events):
Event: 0.149 Thread 0x00000203242fe410 Thread added: 0x000002033c2105e0
Event: 0.151 Thread 0x00000203242fe410 Thread added: 0x000002033bfa69a0
Event: 0.151 Thread 0x00000203242fe410 Thread added: 0x000002033bfa73f0
Event: 0.151 Thread 0x00000203242fe410 Thread added: 0x000002033bfa7e40
Event: 0.151 Thread 0x00000203242fe410 Thread added: 0x000002033c1f6990
Event: 0.151 Thread 0x00000203242fe410 Thread added: 0x000002033c1f9720
Event: 0.151 Thread 0x00000203242fe410 Thread added: 0x000002033c220fe0
Event: 0.305 Thread 0x00000203242fe410 Thread added: 0x000002033c3b5ac0
Event: 0.317 Thread 0x00000203242fe410 Thread added: 0x000002033c3b7310
Event: 0.341 Loaded shared library C:\Program Files\Android\Android Studio\jbr\bin\net.dll
Event: 0.344 Loaded shared library C:\Program Files\Android\Android Studio\jbr\bin\nio.dll
Event: 0.479 Loaded shared library C:\Program Files\Android\Android Studio\jbr\bin\zip.dll
Event: 0.596 Loaded shared library C:\Program Files\Android\Android Studio\jbr\bin\jimage.dll
Event: 49.033 Thread 0x000002033c220fe0 Thread added: 0x000002034187a9b0
Event: 49.575 Thread 0x000002034187a9b0 Thread exited: 0x000002034187a9b0
Event: 58.234 Thread 0x000002033c220fe0 Thread added: 0x0000020342599670
Event: 59.287 Thread 0x0000020342599670 Thread exited: 0x0000020342599670
Event: 59.302 Thread 0x000002033c220fe0 Thread added: 0x000002033c95c540
Event: 62.735 Thread 0x000002033c95c540 Thread exited: 0x000002033c95c540
Event: 65.003 Thread 0x000002033c220fe0 Thread added: 0x000002033c8abee0


Dynamic libraries:
0x00007ff75b6b0000 - 0x00007ff75b6ba000 	C:\Program Files\Android\Android Studio\jbr\bin\java.exe
0x00007ffb9a300000 - 0x00007ffb9a566000 	C:\WINDOWS\SYSTEM32\ntdll.dll
0x00007ffb98160000 - 0x00007ffb98229000 	C:\WINDOWS\System32\KERNEL32.DLL
0x00007ffb97950000 - 0x00007ffb97d1c000 	C:\WINDOWS\System32\KERNELBASE.dll
0x00007ffb97610000 - 0x00007ffb9775b000 	C:\WINDOWS\System32\ucrtbase.dll
0x00007ffb8e720000 - 0x00007ffb8e73b000 	C:\Program Files\Android\Android Studio\jbr\bin\VCRUNTIME140.dll
0x00007ffb8f640000 - 0x00007ffb8f658000 	C:\Program Files\Android\Android Studio\jbr\bin\jli.dll
0x00007ffb984b0000 - 0x00007ffb9867a000 	C:\WINDOWS\System32\USER32.dll
0x00007ffb7f050000 - 0x00007ffb7f2ea000 	C:\WINDOWS\WinSxS\amd64_microsoft.windows.common-controls_6595b64144ccf1df_6.0.26100.3912_none_3e07963ce335137e\COMCTL32.dll
0x00007ffb98090000 - 0x00007ffb980b7000 	C:\WINDOWS\System32\win32u.dll
0x00007ffb987c0000 - 0x00007ffb98869000 	C:\WINDOWS\System32\msvcrt.dll
0x00007ffb98230000 - 0x00007ffb9825b000 	C:\WINDOWS\System32\GDI32.dll
0x00007ffb97f50000 - 0x00007ffb98082000 	C:\WINDOWS\System32\gdi32full.dll
0x00007ffb97d20000 - 0x00007ffb97dc3000 	C:\WINDOWS\System32\msvcp_win.dll
0x00007ffb98c40000 - 0x00007ffb98c70000 	C:\WINDOWS\System32\IMM32.DLL
0x00007ffb8e710000 - 0x00007ffb8e71c000 	C:\Program Files\Android\Android Studio\jbr\bin\vcruntime140_1.dll
0x00007ffb86c90000 - 0x00007ffb86d1d000 	C:\Program Files\Android\Android Studio\jbr\bin\msvcp140.dll
0x00007ffb0ff30000 - 0x00007ffb10bba000 	C:\Program Files\Android\Android Studio\jbr\bin\server\jvm.dll
0x00007ffb98c80000 - 0x00007ffb98d32000 	C:\WINDOWS\System32\ADVAPI32.dll
0x00007ffb9a200000 - 0x00007ffb9a2a6000 	C:\WINDOWS\System32\sechost.dll
0x00007ffb98970000 - 0x00007ffb98a86000 	C:\WINDOWS\System32\RPCRT4.dll
0x00007ffb99cc0000 - 0x00007ffb99d34000 	C:\WINDOWS\System32\WS2_32.dll
0x00007ffb97300000 - 0x00007ffb9735e000 	C:\WINDOWS\SYSTEM32\POWRPROF.dll
0x00007ffb85090000 - 0x00007ffb850c6000 	C:\WINDOWS\SYSTEM32\WINMM.dll
0x00007ffb8b940000 - 0x00007ffb8b94b000 	C:\WINDOWS\SYSTEM32\VERSION.dll
0x00007ffb972e0000 - 0x00007ffb972f4000 	C:\WINDOWS\SYSTEM32\UMPDC.dll
0x00007ffb96220000 - 0x00007ffb9623a000 	C:\WINDOWS\SYSTEM32\kernel.appcore.dll
0x00007ffb8e700000 - 0x00007ffb8e70a000 	C:\Program Files\Android\Android Studio\jbr\bin\jimage.dll
0x00007ffb812f0000 - 0x00007ffb81531000 	C:\WINDOWS\SYSTEM32\DBGHELP.DLL
0x00007ffb99620000 - 0x00007ffb999a4000 	C:\WINDOWS\System32\combase.dll
0x00007ffb986d0000 - 0x00007ffb987b0000 	C:\WINDOWS\System32\OLEAUT32.dll
0x00007ffb77d60000 - 0x00007ffb77d99000 	C:\WINDOWS\SYSTEM32\dbgcore.DLL
0x00007ffb97760000 - 0x00007ffb977f9000 	C:\WINDOWS\System32\bcryptPrimitives.dll
0x00007ffb8e540000 - 0x00007ffb8e560000 	C:\Program Files\Android\Android Studio\jbr\bin\java.dll
0x00007ffb8de10000 - 0x00007ffb8de28000 	C:\Program Files\Android\Android Studio\jbr\bin\zip.dll
0x00007ffb98d40000 - 0x00007ffb9946d000 	C:\WINDOWS\System32\SHELL32.dll
0x00007ffb97dd0000 - 0x00007ffb97f44000 	C:\WINDOWS\System32\wintypes.dll
0x00007ffb950e0000 - 0x00007ffb95936000 	C:\WINDOWS\SYSTEM32\windows.storage.dll
0x00007ffb98870000 - 0x00007ffb9895f000 	C:\WINDOWS\System32\SHCORE.dll
0x00007ffb983e0000 - 0x00007ffb98449000 	C:\WINDOWS\System32\shlwapi.dll
0x00007ffb973a0000 - 0x00007ffb973cf000 	C:\WINDOWS\SYSTEM32\profapi.dll
0x00007ffb8e6f0000 - 0x00007ffb8e700000 	C:\Program Files\Android\Android Studio\jbr\bin\net.dll
0x00007ffb8f1d0000 - 0x00007ffb8f2ee000 	C:\WINDOWS\SYSTEM32\WINHTTP.dll
0x00007ffb967a0000 - 0x00007ffb9680a000 	C:\WINDOWS\system32\mswsock.dll
0x00007ffb8ddf0000 - 0x00007ffb8de06000 	C:\Program Files\Android\Android Studio\jbr\bin\nio.dll
0x00007ffb880d0000 - 0x00007ffb880e0000 	C:\Program Files\Android\Android Studio\jbr\bin\verify.dll

dbghelp: loaded successfully - version: 4.0.5 - missing functions: none
symbol engine: initialized successfully - sym options: 0x614 - pdb path: .;C:\Program Files\Android\Android Studio\jbr\bin;C:\WINDOWS\SYSTEM32;C:\WINDOWS\WinSxS\amd64_microsoft.windows.common-controls_6595b64144ccf1df_6.0.26100.3912_none_3e07963ce335137e;C:\Program Files\Android\Android Studio\jbr\bin\server

VM Arguments:
java_command: org.jetbrains.kotlin.cli.jvm.K2JVMCompiler @C:\Users\USER\AndroidStudioProjects\LittleLemon\app\build\20250610_16692369824482165581.compiler.options
java_class_path (initial): C:\Users\USER\.gradle\caches\modules-2\files-2.1\org.jetbrains.kotlin\kotlin-compiler-embeddable\2.0.0\1de310de3446414381282ffc46c3ed3919a4d1da\kotlin-compiler-embeddable-2.0.0.jar;C:\Users\USER\.gradle\caches\modules-2\files-2.1\org.jetbrains.kotlin\kotlin-stdlib\2.0.0\b48df2c4aede9586cc931ead433bc02d6fd7879e\kotlin-stdlib-2.0.0.jar;C:\Users\USER\.gradle\caches\modules-2\files-2.1\org.jetbrains.kotlin\kotlin-script-runtime\2.0.0\fdc27dd047d592fa41d2dfa21e7621287a361612\kotlin-script-runtime-2.0.0.jar;C:\Users\USER\.gradle\caches\modules-2\files-2.1\org.jetbrains.kotlin\kotlin-reflect\1.6.10\1cbe9c92c12a94eea200d23c2bbaedaf3daf5132\kotlin-reflect-1.6.10.jar;C:\Users\USER\.gradle\caches\modules-2\files-2.1\org.jetbrains.kotlin\kotlin-daemon-embeddable\2.0.0\b39c612768614c4428c96ee9c65477181fffe9d\kotlin-daemon-embeddable-2.0.0.jar;C:\Users\USER\.gradle\caches\modules-2\files-2.1\org.jetbrains.intellij.deps\trove4j\1.0.20200330\3afb14d5f9ceb459d724e907a21145e8ff394f02\trove4j-1.0.20200330.jar;C:\Users\USER\.gradle\caches\modules-2\files-2.1\org.jetbrains\annotations\13.0\919f0dfe192fb4e063e7dacadee7f8bb9a2672a9\annotations-13.0.jar
Launcher Type: SUN_STANDARD

[Global flags]
     intx CICompilerCount                          = 3                                         {product} {ergonomic}
     uint ConcGCThreads                            = 1                                         {product} {ergonomic}
     uint G1ConcRefinementThreads                  = 4                                         {product} {ergonomic}
   size_t G1HeapRegionSize                         = 1048576                                   {product} {ergonomic}
    uintx GCDrainStackTargetSize                   = 64                                        {product} {ergonomic}
   size_t InitialHeapSize                          = 65011712                                  {product} {ergonomic}
   size_t MarkStackSize                            = 4194304                                   {product} {ergonomic}
   size_t MaxHeapSize                              = 1031798784                                {product} {ergonomic}
   size_t MaxNewSize                               = 618659840                                 {product} {ergonomic}
   size_t MinHeapDeltaBytes                        = 1048576                                   {product} {ergonomic}
   size_t MinHeapSize                              = 8388608                                   {product} {ergonomic}
    uintx NonNMethodCodeHeapSize                   = 5832780                                {pd product} {ergonomic}
    uintx NonProfiledCodeHeapSize                  = 122912730                              {pd product} {ergonomic}
    uintx ProfiledCodeHeapSize                     = 122912730                              {pd product} {ergonomic}
    uintx ReservedCodeCacheSize                    = 251658240                              {pd product} {ergonomic}
     bool SegmentedCodeCache                       = true                                      {product} {ergonomic}
   size_t SoftMaxHeapSize                          = 1031798784                             {manageable} {ergonomic}
     bool UseCompressedOops                        = true                           {product lp64_product} {ergonomic}
     bool UseG1GC                                  = true                                      {product} {ergonomic}
     bool UseLargePagesIndividualAllocation        = false                                  {pd product} {ergonomic}

Logging:
Log output configuration:
 #0: stdout all=warning uptime,level,tags foldmultilines=false
 #1: stderr all=off uptime,level,tags foldmultilines=false

Environment Variables:
JAVA_HOME=C:\Program Files\Eclipse Adoptium\jdk-11.0.27.6-hotspot
PATH=C:\Program Files\Eclipse Adoptium\jdk-11.0.27.6-hotspot\bin;C:\Program Files\Common Files\Oracle\Java\javapath;C:\WINDOWS\system32;C:\WINDOWS;C:\WINDOWS\System32\Wbem;C:\WINDOWS\System32\WindowsPowerShell\v1.0\;C:\WINDOWS\System32\OpenSSH\;C:\Program Files\nodejs\;C:\Program Files\Git\cmd;C:\Program Files\Eclipse Adoptium\jdk-11.0.27.6-hotspot\bin;C:\Program Files\MySQL\MySQL Shell 8.0\bin\;C:\Users\USER\AppData\Local\Programs\Python\Python313\Scripts\;C:\Users\USER\AppData\Local\Programs\Python\Python313\;C:\Users\USER\AppData\Local\Programs\Python\Launcher\;C:\Users\USER\AppData\Local\Microsoft\WindowsApps;C:\Users\USER\AppData\Local\Programs\Microsoft VS Code\bin;C:\Users\USER\AppData\Roaming\npm;C:\Program Files\MySQL\MySQL Server 8.0\bin;
USERNAME=USER
OS=Windows_NT
PROCESSOR_IDENTIFIER=Intel64 Family 6 Model 142 Stepping 12, GenuineIntel
TMP=C:\Users\USER\AppData\Local\Temp
TEMP=C:\Users\USER\AppData\Local\Temp




Periodic native trim disabled

JNI global refs:
JNI global refs: 7, weak refs: 0

JNI global refs memory usage: 835, weak refs: 833

Process memory usage:
Resident Set Size: 177976K (4% of 4028040K total physical memory with 866596K free physical memory)

OOME stack traces (most recent first):
Classloader memory used:
Loader jdk.internal.loader.ClassLoaders$AppClassLoader                                 : 35099K
Loader bootstrap                                                                       : 12540K
Loader java.net.URLClassLoader                                                         : 549K
Loader jdk.internal.loader.ClassLoaders$PlatformClassLoader                            : 19376B

---------------  S Y S T E M  ---------------

OS:
 Windows 11 , 64 bit Build 26100 (10.0.26100.3912)
OS uptime: 8 days 21:00 hours
Hyper-V role detected

CPU: total 4 (initial active 4) (2 cores per cpu, 2 threads per core) family 6 model 142 stepping 12 microcode 0xde, cx8, cmov, fxsr, ht, mmx, 3dnowpref, sse, sse2, sse3, ssse3, sse4.1, sse4.2, popcnt, lzcnt, tsc, tscinvbit, avx, avx2, aes, erms, clmul, bmi1, bmi2, adx, fma, vzeroupper, clflush, clflushopt, hv, rdtscp, f16c
Processor Information for all 4 processors :
  Max Mhz: 2501, Current Mhz: 2501, Mhz Limit: 2501

Memory: 4k page, system-wide physical 3933M (837M free)
TotalPageFile size 12125M (AvailPageFile size 9M)
current process WorkingSet (physical memory assigned to process): 173M, peak: 174M
current process commit charge ("private bytes"): 227M, peak: 228M

vm_info: OpenJDK 64-Bit Server VM (21.0.5+-13047016-b750.29) for windows-amd64 JRE (21.0.5+-13047016-b750.29), built on 2025-02-11T21:12:39Z by "builder" with MS VC++ 16.10 / 16.11 (VS2019)

END.
